[2025-02-12T09:18:56.498+0000] {manager.py:483} INFO - Processing files using up to 1 processes at a time 
[2025-02-12T09:18:56.499+0000] {manager.py:484} INFO - Process each file at most once every 30 seconds
[2025-02-12T09:18:56.499+0000] {manager.py:485} INFO - Checking for new files in /home/ubuntu/airflow/dags every 300 seconds
[2025-02-12T09:18:56.499+0000] {manager.py:821} INFO - Searching for files in /home/ubuntu/airflow/dags
[2025-02-12T09:18:56.578+0000] {manager.py:824} INFO - There are 57 files in /home/ubuntu/airflow/dags
[2025-02-12T09:18:56.744+0000] {manager.py:997} INFO - 
================================================================================
DAG File Processing Stats

File Path                                                                                                                         PID    Runtime      # DAGs    # Errors  Last Runtime    Last Run               Last # of DB Queries
--------------------------------------------------------------------------------------------------------------------------------  -----  ---------  --------  ----------  --------------  -------------------  ----------------------
/home/ubuntu/.local/lib/python3.10/site-packages/airflow/example_dags/subdags/subdag.py                                                                    0           0  0.11s           2025-02-12T09:18:56                       3
/home/ubuntu/.local/lib/python3.10/site-packages/airflow/example_dags/tutorial_taskflow_api.py                                                             0           0                                                            0
/home/ubuntu/.local/lib/python3.10/site-packages/airflow/example_dags/tutorial_taskflow_templates.py                                                       0           0                                                            0
/home/ubuntu/.local/lib/python3.10/site-packages/airflow/example_dags/example_trigger_controller_dag.py                                                    0           0                                                            0
/home/ubuntu/.local/lib/python3.10/site-packages/airflow/example_dags/example_xcom.py                                                                      0           0                                                            0
/home/ubuntu/.local/lib/python3.10/site-packages/airflow/example_dags/tutorial_taskflow_api_virtualenv.py                                                  0           0                                                            0
/home/ubuntu/.local/lib/python3.10/site-packages/airflow/example_dags/example_bash_decorator.py                                                            0           0                                                            0
/home/ubuntu/.local/lib/python3.10/site-packages/airflow/example_dags/example_branch_day_of_week_operator.py                                               0           0                                                            0
/home/ubuntu/.local/lib/python3.10/site-packages/airflow/example_dags/example_params_trigger_ui.py                                                         0           0                                                            0
/home/ubuntu/.local/lib/python3.10/site-packages/airflow/example_dags/example_task_group_decorator.py                                                      0           0                                                            0
/home/ubuntu/.local/lib/python3.10/site-packages/airflow/example_dags/example_sensors.py                                                                   0           0                                                            0
/home/ubuntu/.local/lib/python3.10/site-packages/airflow/example_dags/example_branch_datetime_operator.py                                                  0           0                                                            0
/home/ubuntu/.local/lib/python3.10/site-packages/airflow/example_dags/example_dynamic_task_mapping.py                                                      0           0                                                            0
/home/ubuntu/.local/lib/python3.10/site-packages/airflow/example_dags/example_bash_operator.py                                                             0           0                                                            0
/home/ubuntu/.local/lib/python3.10/site-packages/airflow/example_dags/example_python_operator.py                                                           0           0                                                            0
/home/ubuntu/.local/lib/python3.10/site-packages/airflow/example_dags/example_skip_dag.py                                                                  0           0                                                            0
/home/ubuntu/.local/lib/python3.10/site-packages/airflow/example_dags/example_branch_operator_decorator.py                                                 0           0                                                            0
/home/ubuntu/.local/lib/python3.10/site-packages/airflow/example_dags/example_workday_timetable.py                                                         0           0                                                            0
/home/ubuntu/.local/lib/python3.10/site-packages/airflow/example_dags/tutorial_objectstorage.py                                                            0           0                                                            0
/home/ubuntu/.local/lib/python3.10/site-packages/airflow/example_dags/example_branch_python_dop_operator_3.py                                              0           0                                                            0
/home/ubuntu/.local/lib/python3.10/site-packages/airflow/example_dags/example_outlet_event_extra.py                                                        0           0                                                            0
/home/ubuntu/.local/lib/python3.10/site-packages/airflow/example_dags/example_dataset_alias_with_no_taskflow.py                                            0           0                                                            0
/home/ubuntu/.local/lib/python3.10/site-packages/airflow/example_dags/example_xcomargs.py                                                                  0           0                                                            0
/home/ubuntu/.local/lib/python3.10/site-packages/airflow/example_dags/example_latest_only_with_trigger.py                                                  0           0                                                            0
/home/ubuntu/.local/lib/python3.10/site-packages/airflow/example_dags/example_python_decorator.py                                                          0           0                                                            0
/home/ubuntu/.local/lib/python3.10/site-packages/airflow/example_dags/example_subdag_operator.py                                                           0           0                                                            0
/home/ubuntu/.local/lib/python3.10/site-packages/airflow/example_dags/tutorial_dag.py                                                                      0           0                                                            0
/home/ubuntu/.local/lib/python3.10/site-packages/airflow/example_dags/example_external_task_marker_dag.py                                                  0           0                                                            0
/home/ubuntu/.local/lib/python3.10/site-packages/airflow/example_dags/example_complex.py                                                                   0           0                                                            0
/home/ubuntu/.local/lib/python3.10/site-packages/airflow/example_dags/example_passing_params_via_test_command.py                                           0           0                                                            0
/home/ubuntu/.local/lib/python3.10/site-packages/airflow/example_dags/example_dynamic_task_mapping_with_no_taskflow_operators.py                           0           0                                                            0
/home/ubuntu/.local/lib/python3.10/site-packages/airflow/example_dags/example_short_circuit_decorator.py                                                   0           0                                                            0
/home/ubuntu/.local/lib/python3.10/site-packages/airflow/example_dags/example_task_group.py                                                                0           0                                                            0
/home/ubuntu/.local/lib/python3.10/site-packages/airflow/example_dags/example_time_delta_sensor_async.py                                                   0           0                                                            0
/home/ubuntu/.local/lib/python3.10/site-packages/airflow/example_dags/tutorial.py                                                                          0           0                                                            0
/home/ubuntu/.local/lib/python3.10/site-packages/airflow/example_dags/example_setup_teardown.py                                                            0           0                                                            0
/home/ubuntu/.local/lib/python3.10/site-packages/airflow/example_dags/example_kubernetes_executor.py                                                       0           0                                                            0
/home/ubuntu/.local/lib/python3.10/site-packages/airflow/example_dags/example_dataset_alias.py                                                             0           0                                                            0
/home/ubuntu/.local/lib/python3.10/site-packages/airflow/example_dags/example_latest_only.py                                                               0           0                                                            0
/home/ubuntu/.local/lib/python3.10/site-packages/airflow/example_dags/example_trigger_target_dag.py                                                        0           0                                                            0
/home/ubuntu/.local/lib/python3.10/site-packages/airflow/example_dags/example_branch_operator.py                                                           0           0                                                            0
/home/ubuntu/.local/lib/python3.10/site-packages/airflow/example_dags/example_dag_decorator.py                                                             0           0                                                            0
/home/ubuntu/.local/lib/python3.10/site-packages/airflow/example_dags/example_branch_labels.py                                                             0           0                                                            0
/home/ubuntu/.local/lib/python3.10/site-packages/airflow/example_dags/example_local_kubernetes_executor.py                                                 0           0                                                            0
/home/ubuntu/.local/lib/python3.10/site-packages/airflow/example_dags/example_datasets.py                                                                  0           0                                                            0
/home/ubuntu/.local/lib/python3.10/site-packages/airflow/example_dags/example_sensor_decorator.py                                                          0           0                                                            0
/home/ubuntu/.local/lib/python3.10/site-packages/airflow/example_dags/example_nested_branch_dag.py                                                         0           0                                                            0
/home/ubuntu/.local/lib/python3.10/site-packages/airflow/example_dags/example_display_name.py                                                              0           0                                                            0
/home/ubuntu/.local/lib/python3.10/site-packages/airflow/example_dags/example_params_ui_tutorial.py                                                        0           0                                                            0
/home/ubuntu/.local/lib/python3.10/site-packages/airflow/example_dags/example_short_circuit_operator.py                                                    0           0                                                            0
/home/ubuntu/.local/lib/python3.10/site-packages/airflow/example_dags/example_inlet_event_extra.py                                                         0           0                                                            0
/home/ubuntu/.local/lib/python3.10/site-packages/airflow/example_dags/example_sla_dag.py                                                                   0           0                                                            0
/home/ubuntu/.local/lib/python3.10/site-packages/airflow/example_dags/example_setup_teardown_taskflow.py                                                   0           0                                                            0
/home/ubuntu/.local/lib/python3.10/site-packages/airflow/example_dags/plugins/event_listener.py                                                            0           0                                                            0
/home/ubuntu/.local/lib/python3.10/site-packages/airflow/example_dags/plugins/listener_plugin.py                                                           0           0                                                            0
/home/ubuntu/.local/lib/python3.10/site-packages/airflow/example_dags/plugins/decreasing_priority_weight_strategy.py                                       0           0                                                            0
/home/ubuntu/.local/lib/python3.10/site-packages/airflow/example_dags/plugins/workday.py                                                                   0           0                                                            0
================================================================================
[2025-02-12T09:19:27.361+0000] {manager.py:997} INFO - 
================================================================================
DAG File Processing Stats

File Path                                                                                                                         PID    Runtime      # DAGs    # Errors  Last Runtime    Last Run               Last # of DB Queries
--------------------------------------------------------------------------------------------------------------------------------  -----  ---------  --------  ----------  --------------  -------------------  ----------------------
/home/ubuntu/.local/lib/python3.10/site-packages/airflow/example_dags/tutorial_taskflow_templates.py                                                       1           0  0.71s           2025-02-12T09:19:05                      45
/home/ubuntu/.local/lib/python3.10/site-packages/airflow/example_dags/tutorial_taskflow_api.py                                                             1           0  0.71s           2025-02-12T09:19:03                      43
/home/ubuntu/.local/lib/python3.10/site-packages/airflow/example_dags/example_trigger_controller_dag.py                                                    1           0  0.61s           2025-02-12T09:19:10                      45
/home/ubuntu/.local/lib/python3.10/site-packages/airflow/example_dags/example_workday_timetable.py                                                         1           0  0.51s           2025-02-12T09:19:12                      45
/home/ubuntu/.local/lib/python3.10/site-packages/airflow/example_dags/tutorial_dag.py                                                                      1           0  0.51s           2025-02-12T09:19:08                      43
/home/ubuntu/.local/lib/python3.10/site-packages/airflow/example_dags/example_xcomargs.py                                                                  2           0  0.51s           2025-02-12T09:19:14                      79
/home/ubuntu/.local/lib/python3.10/site-packages/airflow/example_dags/tutorial_objectstorage.py                                                            1           0  0.51s           2025-02-12T09:19:07                      43
/home/ubuntu/.local/lib/python3.10/site-packages/airflow/example_dags/example_sla_dag.py                                                                   1           0  0.41s           2025-02-12T09:19:27                      45
/home/ubuntu/.local/lib/python3.10/site-packages/airflow/example_dags/example_time_delta_sensor_async.py                                                   1           0  0.41s           2025-02-12T09:19:15                      43
/home/ubuntu/.local/lib/python3.10/site-packages/airflow/example_dags/example_subdag_operator.py                                                           3           0  0.41s           2025-02-12T09:19:22                      53
/home/ubuntu/.local/lib/python3.10/site-packages/airflow/example_dags/example_xcom.py                                                                      1           0  0.41s           2025-02-12T09:19:11                      45
/home/ubuntu/.local/lib/python3.10/site-packages/airflow/example_dags/tutorial.py                                                                          1           0  0.41s           2025-02-12T09:19:17                      45
/home/ubuntu/.local/lib/python3.10/site-packages/airflow/example_dags/example_task_group_decorator.py                                                      1           0  0.41s           2025-02-12T09:19:19                      43
/home/ubuntu/.local/lib/python3.10/site-packages/airflow/example_dags/example_short_circuit_operator.py                                                    1           0  0.41s           2025-02-12T09:19:26                      43
/home/ubuntu/.local/lib/python3.10/site-packages/airflow/example_dags/example_trigger_target_dag.py                                                        1           0  0.41s           2025-02-12T09:19:18                      43
/home/ubuntu/.local/lib/python3.10/site-packages/airflow/example_dags/example_skip_dag.py                                                                  1           0  0.31s           2025-02-12T09:19:20                      45
/home/ubuntu/.local/lib/python3.10/site-packages/airflow/example_dags/example_short_circuit_decorator.py                                                   1           0  0.31s           2025-02-12T09:19:23                      43
/home/ubuntu/.local/lib/python3.10/site-packages/airflow/example_dags/example_task_group.py                                                                1           0  0.31s           2025-02-12T09:19:24                      43
/home/ubuntu/.local/lib/python3.10/site-packages/airflow/example_dags/plugins/event_listener.py                                                            0           0  0.12s           2025-02-12T09:18:57                       3
/home/ubuntu/.local/lib/python3.10/site-packages/airflow/example_dags/plugins/workday.py                                                                   0           0  0.11s           2025-02-12T09:19:01                       3
/home/ubuntu/.local/lib/python3.10/site-packages/airflow/example_dags/plugins/decreasing_priority_weight_strategy.py                                       0           0  0.11s           2025-02-12T09:19:00                       3
/home/ubuntu/.local/lib/python3.10/site-packages/airflow/example_dags/tutorial_taskflow_api_virtualenv.py                                                  0           0  0.11s           2025-02-12T09:19:06                       3
/home/ubuntu/.local/lib/python3.10/site-packages/airflow/example_dags/subdags/subdag.py                                                                    0           0  0.11s           2025-02-12T09:18:56                       3
/home/ubuntu/.local/lib/python3.10/site-packages/airflow/example_dags/plugins/listener_plugin.py                                                           0           0  0.11s           2025-02-12T09:18:59                       3
/home/ubuntu/.local/lib/python3.10/site-packages/airflow/example_dags/example_bash_decorator.py                                                            0           0                                                            0
/home/ubuntu/.local/lib/python3.10/site-packages/airflow/example_dags/example_branch_day_of_week_operator.py                                               0           0                                                            0
/home/ubuntu/.local/lib/python3.10/site-packages/airflow/example_dags/example_params_trigger_ui.py                                                         0           0                                                            0
/home/ubuntu/.local/lib/python3.10/site-packages/airflow/example_dags/example_sensors.py                                                                   0           0                                                            0
/home/ubuntu/.local/lib/python3.10/site-packages/airflow/example_dags/example_branch_datetime_operator.py                                                  0           0                                                            0
/home/ubuntu/.local/lib/python3.10/site-packages/airflow/example_dags/example_dynamic_task_mapping.py                                                      0           0                                                            0
/home/ubuntu/.local/lib/python3.10/site-packages/airflow/example_dags/example_bash_operator.py                                                             0           0                                                            0
/home/ubuntu/.local/lib/python3.10/site-packages/airflow/example_dags/example_python_operator.py                                                           0           0                                                            0
/home/ubuntu/.local/lib/python3.10/site-packages/airflow/example_dags/example_branch_operator_decorator.py                                                 0           0                                                            0
/home/ubuntu/.local/lib/python3.10/site-packages/airflow/example_dags/example_branch_python_dop_operator_3.py                                              0           0                                                            0
/home/ubuntu/.local/lib/python3.10/site-packages/airflow/example_dags/example_outlet_event_extra.py                                                        0           0                                                            0
/home/ubuntu/.local/lib/python3.10/site-packages/airflow/example_dags/example_dataset_alias_with_no_taskflow.py                                            0           0                                                            0
/home/ubuntu/.local/lib/python3.10/site-packages/airflow/example_dags/example_latest_only_with_trigger.py                                                  0           0                                                            0
/home/ubuntu/.local/lib/python3.10/site-packages/airflow/example_dags/example_python_decorator.py                                                          0           0                                                            0
/home/ubuntu/.local/lib/python3.10/site-packages/airflow/example_dags/example_external_task_marker_dag.py                                                  0           0                                                            0
/home/ubuntu/.local/lib/python3.10/site-packages/airflow/example_dags/example_complex.py                                                                   0           0                                                            0
/home/ubuntu/.local/lib/python3.10/site-packages/airflow/example_dags/example_passing_params_via_test_command.py                                           0           0                                                            0
/home/ubuntu/.local/lib/python3.10/site-packages/airflow/example_dags/example_dynamic_task_mapping_with_no_taskflow_operators.py                           0           0                                                            0
/home/ubuntu/.local/lib/python3.10/site-packages/airflow/example_dags/example_setup_teardown.py                                                            0           0                                                            0
/home/ubuntu/.local/lib/python3.10/site-packages/airflow/example_dags/example_kubernetes_executor.py                                                       0           0                                                            0
/home/ubuntu/.local/lib/python3.10/site-packages/airflow/example_dags/example_dataset_alias.py                                                             0           0                                                            0
/home/ubuntu/.local/lib/python3.10/site-packages/airflow/example_dags/example_latest_only.py                                                               0           0                                                            0
/home/ubuntu/.local/lib/python3.10/site-packages/airflow/example_dags/example_branch_operator.py                                                           0           0                                                            0
/home/ubuntu/.local/lib/python3.10/site-packages/airflow/example_dags/example_dag_decorator.py                                                             0           0                                                            0
/home/ubuntu/.local/lib/python3.10/site-packages/airflow/example_dags/example_branch_labels.py                                                             0           0                                                            0
/home/ubuntu/.local/lib/python3.10/site-packages/airflow/example_dags/example_local_kubernetes_executor.py                                                 0           0                                                            0
/home/ubuntu/.local/lib/python3.10/site-packages/airflow/example_dags/example_datasets.py                                                                  0           0                                                            0
/home/ubuntu/.local/lib/python3.10/site-packages/airflow/example_dags/example_sensor_decorator.py                                                          0           0                                                            0
/home/ubuntu/.local/lib/python3.10/site-packages/airflow/example_dags/example_nested_branch_dag.py                                                         0           0                                                            0
/home/ubuntu/.local/lib/python3.10/site-packages/airflow/example_dags/example_display_name.py                                                              0           0                                                            0
/home/ubuntu/.local/lib/python3.10/site-packages/airflow/example_dags/example_params_ui_tutorial.py                                                        0           0                                                            0
/home/ubuntu/.local/lib/python3.10/site-packages/airflow/example_dags/example_inlet_event_extra.py                                                         0           0                                                            0
/home/ubuntu/.local/lib/python3.10/site-packages/airflow/example_dags/example_setup_teardown_taskflow.py                                                   0           0                                                            0
================================================================================
[2025-02-12T09:19:59.340+0000] {manager.py:997} INFO - 
================================================================================
DAG File Processing Stats

File Path                                                                                                                         PID    Runtime      # DAGs    # Errors  Last Runtime    Last Run               Last # of DB Queries
--------------------------------------------------------------------------------------------------------------------------------  -----  ---------  --------  ----------  --------------  -------------------  ----------------------
/home/ubuntu/.local/lib/python3.10/site-packages/airflow/example_dags/example_datasets.py                                                                 10           0  1.63s           2025-02-12T09:19:59                     379
/home/ubuntu/.local/lib/python3.10/site-packages/airflow/example_dags/example_dataset_alias.py                                                             4           0  0.92s           2025-02-12T09:19:57                     157
/home/ubuntu/.local/lib/python3.10/site-packages/airflow/example_dags/example_latest_only.py                                                               1           0  0.72s           2025-02-12T09:19:45                      45
/home/ubuntu/.local/lib/python3.10/site-packages/airflow/example_dags/tutorial_taskflow_templates.py                                                       1           0  0.71s           2025-02-12T09:19:05                      45
/home/ubuntu/.local/lib/python3.10/site-packages/airflow/example_dags/example_dataset_alias_with_no_taskflow.py                                            4           0  0.71s           2025-02-12T09:19:54                     157
/home/ubuntu/.local/lib/python3.10/site-packages/airflow/example_dags/tutorial_taskflow_api.py                                                             1           0  0.71s           2025-02-12T09:19:03                      43
/home/ubuntu/.local/lib/python3.10/site-packages/airflow/example_dags/example_outlet_event_extra.py                                                        3           0  0.71s           2025-02-12T09:19:38                     118
/home/ubuntu/.local/lib/python3.10/site-packages/airflow/example_dags/example_nested_branch_dag.py                                                         1           0  0.61s           2025-02-12T09:19:48                      45
/home/ubuntu/.local/lib/python3.10/site-packages/airflow/example_dags/example_external_task_marker_dag.py                                                  2           0  0.61s           2025-02-12T09:19:51                      79
/home/ubuntu/.local/lib/python3.10/site-packages/airflow/example_dags/example_inlet_event_extra.py                                                         2           0  0.61s           2025-02-12T09:19:49                      81
/home/ubuntu/.local/lib/python3.10/site-packages/airflow/example_dags/example_trigger_controller_dag.py                                                    1           0  0.61s           2025-02-12T09:19:10                      45
/home/ubuntu/.local/lib/python3.10/site-packages/airflow/example_dags/example_workday_timetable.py                                                         1           0  0.51s           2025-02-12T09:19:12                      45
/home/ubuntu/.local/lib/python3.10/site-packages/airflow/example_dags/example_latest_only_with_trigger.py                                                  1           0  0.51s           2025-02-12T09:19:42                      45
/home/ubuntu/.local/lib/python3.10/site-packages/airflow/example_dags/tutorial_dag.py                                                                      1           0  0.51s           2025-02-12T09:19:08                      43
/home/ubuntu/.local/lib/python3.10/site-packages/airflow/example_dags/example_xcomargs.py                                                                  2           0  0.51s           2025-02-12T09:19:14                      79
/home/ubuntu/.local/lib/python3.10/site-packages/airflow/example_dags/tutorial_objectstorage.py                                                            1           0  0.51s           2025-02-12T09:19:07                      43
/home/ubuntu/.local/lib/python3.10/site-packages/airflow/example_dags/example_sla_dag.py                                                                   1           0  0.41s           2025-02-12T09:19:27                      45
/home/ubuntu/.local/lib/python3.10/site-packages/airflow/example_dags/example_time_delta_sensor_async.py                                                   1           0  0.41s           2025-02-12T09:19:15                      43
/home/ubuntu/.local/lib/python3.10/site-packages/airflow/example_dags/example_params_ui_tutorial.py                                                        1           0  0.41s           2025-02-12T09:19:41                      43
/home/ubuntu/.local/lib/python3.10/site-packages/airflow/example_dags/example_subdag_operator.py                                                           3           0  0.41s           2025-02-12T09:19:22                      53
/home/ubuntu/.local/lib/python3.10/site-packages/airflow/example_dags/example_dynamic_task_mapping_with_no_taskflow_operators.py                           1           0  0.41s           2025-02-12T09:19:55                      43
/home/ubuntu/.local/lib/python3.10/site-packages/airflow/example_dags/example_params_trigger_ui.py                                                         1           0  0.41s           2025-02-12T09:19:37                      43
/home/ubuntu/.local/lib/python3.10/site-packages/airflow/example_dags/example_sensors.py                                                                   1           0  0.41s           2025-02-12T09:19:28                      43
/home/ubuntu/.local/lib/python3.10/site-packages/airflow/example_dags/example_xcom.py                                                                      1           0  0.41s           2025-02-12T09:19:11                      45
/home/ubuntu/.local/lib/python3.10/site-packages/airflow/example_dags/tutorial.py                                                                          1           0  0.41s           2025-02-12T09:19:17                      45
/home/ubuntu/.local/lib/python3.10/site-packages/airflow/example_dags/example_passing_params_via_test_command.py                                           1           0  0.41s           2025-02-12T09:19:39                      45
/home/ubuntu/.local/lib/python3.10/site-packages/airflow/example_dags/example_task_group_decorator.py                                                      1           0  0.41s           2025-02-12T09:19:19                      43
/home/ubuntu/.local/lib/python3.10/site-packages/airflow/example_dags/example_dynamic_task_mapping.py                                                      1           0  0.41s           2025-02-12T09:19:52                      43
/home/ubuntu/.local/lib/python3.10/site-packages/airflow/example_dags/example_short_circuit_operator.py                                                    1           0  0.41s           2025-02-12T09:19:26                      43
/home/ubuntu/.local/lib/python3.10/site-packages/airflow/example_dags/example_setup_teardown.py                                                            1           0  0.41s           2025-02-12T09:19:33                      43
/home/ubuntu/.local/lib/python3.10/site-packages/airflow/example_dags/example_trigger_target_dag.py                                                        1           0  0.41s           2025-02-12T09:19:18                      43
/home/ubuntu/.local/lib/python3.10/site-packages/airflow/example_dags/example_python_decorator.py                                                          1           0  0.32s           2025-02-12T09:19:31                      43
/home/ubuntu/.local/lib/python3.10/site-packages/airflow/example_dags/example_skip_dag.py                                                                  1           0  0.31s           2025-02-12T09:19:20                      45
/home/ubuntu/.local/lib/python3.10/site-packages/airflow/example_dags/example_short_circuit_decorator.py                                                   1           0  0.31s           2025-02-12T09:19:23                      43
/home/ubuntu/.local/lib/python3.10/site-packages/airflow/example_dags/example_task_group.py                                                                1           0  0.31s           2025-02-12T09:19:24                      43
/home/ubuntu/.local/lib/python3.10/site-packages/airflow/example_dags/example_python_operator.py                                                           1           0  0.31s           2025-02-12T09:19:30                      43
/home/ubuntu/.local/lib/python3.10/site-packages/airflow/example_dags/example_setup_teardown_taskflow.py                                                   1           0  0.31s           2025-02-12T09:19:35                      43
/home/ubuntu/.local/lib/python3.10/site-packages/airflow/example_dags/example_sensor_decorator.py                                                          1           0  0.31s           2025-02-12T09:19:34                      43
/home/ubuntu/.local/lib/python3.10/site-packages/airflow/example_dags/plugins/event_listener.py                                                            0           0  0.12s           2025-02-12T09:18:57                       3
/home/ubuntu/.local/lib/python3.10/site-packages/airflow/example_dags/plugins/workday.py                                                                   0           0  0.11s           2025-02-12T09:19:01                       3
/home/ubuntu/.local/lib/python3.10/site-packages/airflow/example_dags/plugins/decreasing_priority_weight_strategy.py                                       0           0  0.11s           2025-02-12T09:19:00                       3
/home/ubuntu/.local/lib/python3.10/site-packages/airflow/example_dags/tutorial_taskflow_api_virtualenv.py                                                  0           0  0.11s           2025-02-12T09:19:06                       3
/home/ubuntu/.local/lib/python3.10/site-packages/airflow/example_dags/example_kubernetes_executor.py                                                       0           0  0.11s           2025-02-12T09:19:43                       3
/home/ubuntu/.local/lib/python3.10/site-packages/airflow/example_dags/subdags/subdag.py                                                                    0           0  0.11s           2025-02-12T09:18:56                       3
/home/ubuntu/.local/lib/python3.10/site-packages/airflow/example_dags/example_local_kubernetes_executor.py                                                 0           0  0.11s           2025-02-12T09:19:46                       3
/home/ubuntu/.local/lib/python3.10/site-packages/airflow/example_dags/plugins/listener_plugin.py                                                           0           0  0.11s           2025-02-12T09:18:59                       3
/home/ubuntu/.local/lib/python3.10/site-packages/airflow/example_dags/example_bash_decorator.py                                                            0           0                                                            0
/home/ubuntu/.local/lib/python3.10/site-packages/airflow/example_dags/example_branch_day_of_week_operator.py                                               0           0                                                            0
/home/ubuntu/.local/lib/python3.10/site-packages/airflow/example_dags/example_branch_datetime_operator.py                                                  0           0                                                            0
/home/ubuntu/.local/lib/python3.10/site-packages/airflow/example_dags/example_bash_operator.py                                                             0           0                                                            0
/home/ubuntu/.local/lib/python3.10/site-packages/airflow/example_dags/example_branch_operator_decorator.py                                                 0           0                                                            0
/home/ubuntu/.local/lib/python3.10/site-packages/airflow/example_dags/example_branch_python_dop_operator_3.py                                              0           0                                                            0
/home/ubuntu/.local/lib/python3.10/site-packages/airflow/example_dags/example_complex.py                                                                   0           0                                                            0
/home/ubuntu/.local/lib/python3.10/site-packages/airflow/example_dags/example_branch_operator.py                                                           0           0                                                            0
/home/ubuntu/.local/lib/python3.10/site-packages/airflow/example_dags/example_dag_decorator.py                                                             0           0                                                            0
/home/ubuntu/.local/lib/python3.10/site-packages/airflow/example_dags/example_branch_labels.py                                                             0           0                                                            0
/home/ubuntu/.local/lib/python3.10/site-packages/airflow/example_dags/example_display_name.py                                                              0           0                                                            0
================================================================================
[2025-02-12T09:20:05.551+0000] {manager.py:465} INFO - Exiting gracefully upon receiving signal 15
