[2025-02-12T09:19:50.465+0000] {processor.py:186} INFO - Started process (PID=104491) to work on /home/ubuntu/.local/lib/python3.10/site-packages/airflow/example_dags/example_external_task_marker_dag.py
[2025-02-12T09:19:50.466+0000] {processor.py:914} INFO - Processing file /home/ubuntu/.local/lib/python3.10/site-packages/airflow/example_dags/example_external_task_marker_dag.py for tasks to queue
[2025-02-12T09:19:50.468+0000] {logging_mixin.py:190} INFO - [2025-02-12T09:19:50.468+0000] {dagbag.py:588} INFO - Filling up the DagBag from /home/ubuntu/.local/lib/python3.10/site-packages/airflow/example_dags/example_external_task_marker_dag.py
[2025-02-12T09:19:50.479+0000] {processor.py:925} INFO - DAG(s) 'example_external_task_marker_parent', 'example_external_task_marker_child' retrieved from /home/ubuntu/.local/lib/python3.10/site-packages/airflow/example_dags/example_external_task_marker_dag.py
[2025-02-12T09:19:50.648+0000] {logging_mixin.py:190} INFO - [2025-02-12T09:19:50.647+0000] {override.py:1930} INFO - Created Permission View: can delete on DAG:example_external_task_marker_parent
[2025-02-12T09:19:50.670+0000] {logging_mixin.py:190} INFO - [2025-02-12T09:19:50.669+0000] {override.py:1930} INFO - Created Permission View: can read on DAG:example_external_task_marker_parent
[2025-02-12T09:19:50.689+0000] {logging_mixin.py:190} INFO - [2025-02-12T09:19:50.688+0000] {override.py:1930} INFO - Created Permission View: can edit on DAG:example_external_task_marker_parent
[2025-02-12T09:19:50.723+0000] {logging_mixin.py:190} INFO - [2025-02-12T09:19:50.722+0000] {override.py:1930} INFO - Created Permission View: can create on DAG Run:example_external_task_marker_parent
[2025-02-12T09:19:50.740+0000] {logging_mixin.py:190} INFO - [2025-02-12T09:19:50.739+0000] {override.py:1930} INFO - Created Permission View: can delete on DAG Run:example_external_task_marker_parent
[2025-02-12T09:19:50.759+0000] {logging_mixin.py:190} INFO - [2025-02-12T09:19:50.758+0000] {override.py:1930} INFO - Created Permission View: can read on DAG Run:example_external_task_marker_parent
[2025-02-12T09:19:50.775+0000] {logging_mixin.py:190} INFO - [2025-02-12T09:19:50.774+0000] {override.py:1930} INFO - Created Permission View: menu access on DAG Run:example_external_task_marker_parent
[2025-02-12T09:19:50.813+0000] {logging_mixin.py:190} INFO - [2025-02-12T09:19:50.811+0000] {override.py:1930} INFO - Created Permission View: can delete on DAG:example_external_task_marker_child
[2025-02-12T09:19:50.827+0000] {logging_mixin.py:190} INFO - [2025-02-12T09:19:50.827+0000] {override.py:1930} INFO - Created Permission View: can read on DAG:example_external_task_marker_child
[2025-02-12T09:19:50.844+0000] {logging_mixin.py:190} INFO - [2025-02-12T09:19:50.843+0000] {override.py:1930} INFO - Created Permission View: can edit on DAG:example_external_task_marker_child
[2025-02-12T09:19:50.868+0000] {logging_mixin.py:190} INFO - [2025-02-12T09:19:50.866+0000] {override.py:1930} INFO - Created Permission View: can create on DAG Run:example_external_task_marker_child
[2025-02-12T09:19:50.885+0000] {logging_mixin.py:190} INFO - [2025-02-12T09:19:50.884+0000] {override.py:1930} INFO - Created Permission View: can delete on DAG Run:example_external_task_marker_child
[2025-02-12T09:19:50.899+0000] {logging_mixin.py:190} INFO - [2025-02-12T09:19:50.899+0000] {override.py:1930} INFO - Created Permission View: can read on DAG Run:example_external_task_marker_child
[2025-02-12T09:19:50.913+0000] {logging_mixin.py:190} INFO - [2025-02-12T09:19:50.912+0000] {override.py:1930} INFO - Created Permission View: menu access on DAG Run:example_external_task_marker_child
[2025-02-12T09:19:50.914+0000] {logging_mixin.py:190} INFO - [2025-02-12T09:19:50.914+0000] {dag.py:3239} INFO - Sync 2 DAGs
[2025-02-12T09:19:50.934+0000] {logging_mixin.py:190} INFO - [2025-02-12T09:19:50.933+0000] {dag.py:3262} INFO - Creating ORM DAG for example_external_task_marker_parent
[2025-02-12T09:19:50.935+0000] {logging_mixin.py:190} INFO - [2025-02-12T09:19:50.935+0000] {dag.py:3262} INFO - Creating ORM DAG for example_external_task_marker_child
[2025-02-12T09:19:50.936+0000] {logging_mixin.py:190} INFO - [2025-02-12T09:19:50.935+0000] {dag.py:4180} INFO - Setting next_dagrun for example_external_task_marker_child to None, run_after=None
[2025-02-12T09:19:50.936+0000] {logging_mixin.py:190} INFO - [2025-02-12T09:19:50.936+0000] {dag.py:4180} INFO - Setting next_dagrun for example_external_task_marker_parent to None, run_after=None
[2025-02-12T09:19:50.983+0000] {processor.py:208} INFO - Processing /home/ubuntu/.local/lib/python3.10/site-packages/airflow/example_dags/example_external_task_marker_dag.py took 0.526 seconds
