[2025-02-12T09:19:49.280+0000] {processor.py:186} INFO - Started process (PID=104343) to work on /home/ubuntu/.local/lib/python3.10/site-packages/airflow/example_dags/example_inlet_event_extra.py
[2025-02-12T09:19:49.281+0000] {processor.py:914} INFO - Processing file /home/ubuntu/.local/lib/python3.10/site-packages/airflow/example_dags/example_inlet_event_extra.py for tasks to queue
[2025-02-12T09:19:49.284+0000] {logging_mixin.py:190} INFO - [2025-02-12T09:19:49.283+0000] {dagbag.py:588} INFO - Filling up the DagBag from /home/ubuntu/.local/lib/python3.10/site-packages/airflow/example_dags/example_inlet_event_extra.py
[2025-02-12T09:19:49.300+0000] {processor.py:925} INFO - DAG(s) 'read_dataset_event_from_classic', 'read_dataset_event' retrieved from /home/ubuntu/.local/lib/python3.10/site-packages/airflow/example_dags/example_inlet_event_extra.py
[2025-02-12T09:19:49.504+0000] {logging_mixin.py:190} INFO - [2025-02-12T09:19:49.502+0000] {override.py:1930} INFO - Created Permission View: can delete on DAG:read_dataset_event_from_classic
[2025-02-12T09:19:49.530+0000] {logging_mixin.py:190} INFO - [2025-02-12T09:19:49.529+0000] {override.py:1930} INFO - Created Permission View: can read on DAG:read_dataset_event_from_classic
[2025-02-12T09:19:49.546+0000] {logging_mixin.py:190} INFO - [2025-02-12T09:19:49.545+0000] {override.py:1930} INFO - Created Permission View: can edit on DAG:read_dataset_event_from_classic
[2025-02-12T09:19:49.572+0000] {logging_mixin.py:190} INFO - [2025-02-12T09:19:49.571+0000] {override.py:1930} INFO - Created Permission View: can create on DAG Run:read_dataset_event_from_classic
[2025-02-12T09:19:49.588+0000] {logging_mixin.py:190} INFO - [2025-02-12T09:19:49.587+0000] {override.py:1930} INFO - Created Permission View: can delete on DAG Run:read_dataset_event_from_classic
[2025-02-12T09:19:49.604+0000] {logging_mixin.py:190} INFO - [2025-02-12T09:19:49.603+0000] {override.py:1930} INFO - Created Permission View: can read on DAG Run:read_dataset_event_from_classic
[2025-02-12T09:19:49.622+0000] {logging_mixin.py:190} INFO - [2025-02-12T09:19:49.619+0000] {override.py:1930} INFO - Created Permission View: menu access on DAG Run:read_dataset_event_from_classic
[2025-02-12T09:19:49.654+0000] {logging_mixin.py:190} INFO - [2025-02-12T09:19:49.654+0000] {override.py:1930} INFO - Created Permission View: can delete on DAG:read_dataset_event
[2025-02-12T09:19:49.666+0000] {logging_mixin.py:190} INFO - [2025-02-12T09:19:49.666+0000] {override.py:1930} INFO - Created Permission View: can read on DAG:read_dataset_event
[2025-02-12T09:19:49.677+0000] {logging_mixin.py:190} INFO - [2025-02-12T09:19:49.677+0000] {override.py:1930} INFO - Created Permission View: can edit on DAG:read_dataset_event
[2025-02-12T09:19:49.695+0000] {logging_mixin.py:190} INFO - [2025-02-12T09:19:49.694+0000] {override.py:1930} INFO - Created Permission View: can create on DAG Run:read_dataset_event
[2025-02-12T09:19:49.709+0000] {logging_mixin.py:190} INFO - [2025-02-12T09:19:49.709+0000] {override.py:1930} INFO - Created Permission View: can delete on DAG Run:read_dataset_event
[2025-02-12T09:19:49.723+0000] {logging_mixin.py:190} INFO - [2025-02-12T09:19:49.722+0000] {override.py:1930} INFO - Created Permission View: can read on DAG Run:read_dataset_event
[2025-02-12T09:19:49.737+0000] {logging_mixin.py:190} INFO - [2025-02-12T09:19:49.737+0000] {override.py:1930} INFO - Created Permission View: menu access on DAG Run:read_dataset_event
[2025-02-12T09:19:49.738+0000] {logging_mixin.py:190} INFO - [2025-02-12T09:19:49.738+0000] {dag.py:3239} INFO - Sync 2 DAGs
[2025-02-12T09:19:49.753+0000] {logging_mixin.py:190} INFO - [2025-02-12T09:19:49.753+0000] {dag.py:3262} INFO - Creating ORM DAG for read_dataset_event_from_classic
[2025-02-12T09:19:49.754+0000] {logging_mixin.py:190} INFO - [2025-02-12T09:19:49.754+0000] {dag.py:3262} INFO - Creating ORM DAG for read_dataset_event
[2025-02-12T09:19:49.766+0000] {logging_mixin.py:190} INFO - [2025-02-12T09:19:49.766+0000] {dag.py:4180} INFO - Setting next_dagrun for read_dataset_event to 2025-02-11 00:00:00+00:00, run_after=2025-02-12 00:00:00+00:00
[2025-02-12T09:19:49.769+0000] {logging_mixin.py:190} INFO - [2025-02-12T09:19:49.768+0000] {dag.py:4180} INFO - Setting next_dagrun for read_dataset_event_from_classic to 2025-02-11 00:00:00+00:00, run_after=2025-02-12 00:00:00+00:00
[2025-02-12T09:19:49.798+0000] {processor.py:208} INFO - Processing /home/ubuntu/.local/lib/python3.10/site-packages/airflow/example_dags/example_inlet_event_extra.py took 0.525 seconds
