[2025-02-12T09:19:21.979+0000] {processor.py:186} INFO - Started process (PID=103790) to work on /home/ubuntu/.local/lib/python3.10/site-packages/airflow/example_dags/example_subdag_operator.py
[2025-02-12T09:19:21.980+0000] {processor.py:914} INFO - Processing file /home/ubuntu/.local/lib/python3.10/site-packages/airflow/example_dags/example_subdag_operator.py for tasks to queue
[2025-02-12T09:19:21.983+0000] {logging_mixin.py:190} INFO - [2025-02-12T09:19:21.983+0000] {dagbag.py:588} INFO - Filling up the DagBag from /home/ubuntu/.local/lib/python3.10/site-packages/airflow/example_dags/example_subdag_operator.py
[2025-02-12T09:19:22.024+0000] {processor.py:925} INFO - DAG(s) 'example_subdag_operator.section-1', 'example_subdag_operator.section-2', 'example_subdag_operator' retrieved from /home/ubuntu/.local/lib/python3.10/site-packages/airflow/example_dags/example_subdag_operator.py
[2025-02-12T09:19:22.154+0000] {logging_mixin.py:190} INFO - [2025-02-12T09:19:22.153+0000] {override.py:1930} INFO - Created Permission View: can delete on DAG:example_subdag_operator
[2025-02-12T09:19:22.172+0000] {logging_mixin.py:190} INFO - [2025-02-12T09:19:22.171+0000] {override.py:1930} INFO - Created Permission View: can read on DAG:example_subdag_operator
[2025-02-12T09:19:22.186+0000] {logging_mixin.py:190} INFO - [2025-02-12T09:19:22.186+0000] {override.py:1930} INFO - Created Permission View: can edit on DAG:example_subdag_operator
[2025-02-12T09:19:22.205+0000] {logging_mixin.py:190} INFO - [2025-02-12T09:19:22.205+0000] {override.py:1930} INFO - Created Permission View: can create on DAG Run:example_subdag_operator
[2025-02-12T09:19:22.221+0000] {logging_mixin.py:190} INFO - [2025-02-12T09:19:22.220+0000] {override.py:1930} INFO - Created Permission View: can delete on DAG Run:example_subdag_operator
[2025-02-12T09:19:22.235+0000] {logging_mixin.py:190} INFO - [2025-02-12T09:19:22.234+0000] {override.py:1930} INFO - Created Permission View: can read on DAG Run:example_subdag_operator
[2025-02-12T09:19:22.247+0000] {logging_mixin.py:190} INFO - [2025-02-12T09:19:22.247+0000] {override.py:1930} INFO - Created Permission View: menu access on DAG Run:example_subdag_operator
[2025-02-12T09:19:22.248+0000] {logging_mixin.py:190} INFO - [2025-02-12T09:19:22.248+0000] {dag.py:3239} INFO - Sync 3 DAGs
[2025-02-12T09:19:22.264+0000] {logging_mixin.py:190} INFO - [2025-02-12T09:19:22.264+0000] {dag.py:3262} INFO - Creating ORM DAG for example_subdag_operator
[2025-02-12T09:19:22.265+0000] {logging_mixin.py:190} INFO - [2025-02-12T09:19:22.265+0000] {dag.py:3262} INFO - Creating ORM DAG for example_subdag_operator.section-1
[2025-02-12T09:19:22.266+0000] {logging_mixin.py:190} INFO - [2025-02-12T09:19:22.266+0000] {dag.py:3262} INFO - Creating ORM DAG for example_subdag_operator.section-2
[2025-02-12T09:19:22.276+0000] {logging_mixin.py:190} INFO - [2025-02-12T09:19:22.276+0000] {dag.py:4180} INFO - Setting next_dagrun for example_subdag_operator to 2022-01-01 00:00:00+00:00, run_after=2022-01-01 00:00:00+00:00
[2025-02-12T09:19:22.277+0000] {logging_mixin.py:190} INFO - [2025-02-12T09:19:22.277+0000] {dag.py:4180} INFO - Setting next_dagrun for example_subdag_operator.section-1 to None, run_after=None
[2025-02-12T09:19:22.277+0000] {logging_mixin.py:190} INFO - [2025-02-12T09:19:22.277+0000] {dag.py:4180} INFO - Setting next_dagrun for example_subdag_operator.section-2 to None, run_after=None
[2025-02-12T09:19:22.286+0000] {logging_mixin.py:190} INFO - [2025-02-12T09:19:22.285+0000] {dag.py:3239} INFO - Sync 2 DAGs
[2025-02-12T09:19:22.296+0000] {logging_mixin.py:190} INFO - [2025-02-12T09:19:22.295+0000] {dag.py:4180} INFO - Setting next_dagrun for example_subdag_operator.section-1 to None, run_after=None
[2025-02-12T09:19:22.298+0000] {logging_mixin.py:190} INFO - [2025-02-12T09:19:22.298+0000] {dag.py:4180} INFO - Setting next_dagrun for example_subdag_operator.section-2 to None, run_after=None
[2025-02-12T09:19:22.320+0000] {processor.py:208} INFO - Processing /home/ubuntu/.local/lib/python3.10/site-packages/airflow/example_dags/example_subdag_operator.py took 0.350 seconds
