[2025-02-12T09:19:13.691+0000] {processor.py:186} INFO - Started process (PID=103784) to work on /home/ubuntu/.local/lib/python3.10/site-packages/airflow/example_dags/example_xcomargs.py
[2025-02-12T09:19:13.692+0000] {processor.py:914} INFO - Processing file /home/ubuntu/.local/lib/python3.10/site-packages/airflow/example_dags/example_xcomargs.py for tasks to queue
[2025-02-12T09:19:13.696+0000] {logging_mixin.py:190} INFO - [2025-02-12T09:19:13.695+0000] {dagbag.py:588} INFO - Filling up the DagBag from /home/ubuntu/.local/lib/python3.10/site-packages/airflow/example_dags/example_xcomargs.py
[2025-02-12T09:19:13.709+0000] {processor.py:925} INFO - DAG(s) 'example_xcom_args', 'example_xcom_args_with_operators' retrieved from /home/ubuntu/.local/lib/python3.10/site-packages/airflow/example_dags/example_xcomargs.py
[2025-02-12T09:19:13.836+0000] {logging_mixin.py:190} INFO - [2025-02-12T09:19:13.835+0000] {override.py:1930} INFO - Created Permission View: can delete on DAG:example_xcom_args
[2025-02-12T09:19:13.854+0000] {logging_mixin.py:190} INFO - [2025-02-12T09:19:13.854+0000] {override.py:1930} INFO - Created Permission View: can read on DAG:example_xcom_args
[2025-02-12T09:19:13.869+0000] {logging_mixin.py:190} INFO - [2025-02-12T09:19:13.868+0000] {override.py:1930} INFO - Created Permission View: can edit on DAG:example_xcom_args
[2025-02-12T09:19:13.900+0000] {logging_mixin.py:190} INFO - [2025-02-12T09:19:13.899+0000] {override.py:1930} INFO - Created Permission View: can create on DAG Run:example_xcom_args
[2025-02-12T09:19:13.916+0000] {logging_mixin.py:190} INFO - [2025-02-12T09:19:13.914+0000] {override.py:1930} INFO - Created Permission View: can delete on DAG Run:example_xcom_args
[2025-02-12T09:19:13.929+0000] {logging_mixin.py:190} INFO - [2025-02-12T09:19:13.928+0000] {override.py:1930} INFO - Created Permission View: can read on DAG Run:example_xcom_args
[2025-02-12T09:19:13.943+0000] {logging_mixin.py:190} INFO - [2025-02-12T09:19:13.943+0000] {override.py:1930} INFO - Created Permission View: menu access on DAG Run:example_xcom_args
[2025-02-12T09:19:13.973+0000] {logging_mixin.py:190} INFO - [2025-02-12T09:19:13.973+0000] {override.py:1930} INFO - Created Permission View: can delete on DAG:example_xcom_args_with_operators
[2025-02-12T09:19:13.988+0000] {logging_mixin.py:190} INFO - [2025-02-12T09:19:13.987+0000] {override.py:1930} INFO - Created Permission View: can read on DAG:example_xcom_args_with_operators
[2025-02-12T09:19:14.013+0000] {logging_mixin.py:190} INFO - [2025-02-12T09:19:14.012+0000] {override.py:1930} INFO - Created Permission View: can edit on DAG:example_xcom_args_with_operators
[2025-02-12T09:19:14.034+0000] {logging_mixin.py:190} INFO - [2025-02-12T09:19:14.033+0000] {override.py:1930} INFO - Created Permission View: can create on DAG Run:example_xcom_args_with_operators
[2025-02-12T09:19:14.046+0000] {logging_mixin.py:190} INFO - [2025-02-12T09:19:14.046+0000] {override.py:1930} INFO - Created Permission View: can delete on DAG Run:example_xcom_args_with_operators
[2025-02-12T09:19:14.058+0000] {logging_mixin.py:190} INFO - [2025-02-12T09:19:14.058+0000] {override.py:1930} INFO - Created Permission View: can read on DAG Run:example_xcom_args_with_operators
[2025-02-12T09:19:14.071+0000] {logging_mixin.py:190} INFO - [2025-02-12T09:19:14.070+0000] {override.py:1930} INFO - Created Permission View: menu access on DAG Run:example_xcom_args_with_operators
[2025-02-12T09:19:14.072+0000] {logging_mixin.py:190} INFO - [2025-02-12T09:19:14.071+0000] {dag.py:3239} INFO - Sync 2 DAGs
[2025-02-12T09:19:14.088+0000] {logging_mixin.py:190} INFO - [2025-02-12T09:19:14.088+0000] {dag.py:3262} INFO - Creating ORM DAG for example_xcom_args
[2025-02-12T09:19:14.089+0000] {logging_mixin.py:190} INFO - [2025-02-12T09:19:14.089+0000] {dag.py:3262} INFO - Creating ORM DAG for example_xcom_args_with_operators
[2025-02-12T09:19:14.089+0000] {logging_mixin.py:190} INFO - [2025-02-12T09:19:14.089+0000] {dag.py:4180} INFO - Setting next_dagrun for example_xcom_args to None, run_after=None
[2025-02-12T09:19:14.090+0000] {logging_mixin.py:190} INFO - [2025-02-12T09:19:14.090+0000] {dag.py:4180} INFO - Setting next_dagrun for example_xcom_args_with_operators to None, run_after=None
[2025-02-12T09:19:14.118+0000] {processor.py:208} INFO - Processing /home/ubuntu/.local/lib/python3.10/site-packages/airflow/example_dags/example_xcomargs.py took 0.436 seconds
