[2025-02-12T09:19:53.634+0000] {processor.py:186} INFO - Started process (PID=104505) to work on /home/ubuntu/.local/lib/python3.10/site-packages/airflow/example_dags/example_dataset_alias_with_no_taskflow.py
[2025-02-12T09:19:53.636+0000] {processor.py:914} INFO - Processing file /home/ubuntu/.local/lib/python3.10/site-packages/airflow/example_dags/example_dataset_alias_with_no_taskflow.py for tasks to queue
[2025-02-12T09:19:53.638+0000] {logging_mixin.py:190} INFO - [2025-02-12T09:19:53.638+0000] {dagbag.py:588} INFO - Filling up the DagBag from /home/ubuntu/.local/lib/python3.10/site-packages/airflow/example_dags/example_dataset_alias_with_no_taskflow.py
[2025-02-12T09:19:53.664+0000] {processor.py:925} INFO - DAG(s) 'dataset_s3_bucket_consumer_with_no_taskflow', 'dataset_alias_example_alias_consumer_with_no_taskflow', 'dataset_alias_example_alias_producer_with_no_taskflow', 'dataset_s3_bucket_producer_with_no_taskflow' retrieved from /home/ubuntu/.local/lib/python3.10/site-packages/airflow/example_dags/example_dataset_alias_with_no_taskflow.py
[2025-02-12T09:19:53.791+0000] {logging_mixin.py:190} INFO - [2025-02-12T09:19:53.790+0000] {override.py:1930} INFO - Created Permission View: can delete on DAG:dataset_s3_bucket_consumer_with_no_taskflow
[2025-02-12T09:19:53.809+0000] {logging_mixin.py:190} INFO - [2025-02-12T09:19:53.808+0000] {override.py:1930} INFO - Created Permission View: can read on DAG:dataset_s3_bucket_consumer_with_no_taskflow
[2025-02-12T09:19:53.823+0000] {logging_mixin.py:190} INFO - [2025-02-12T09:19:53.823+0000] {override.py:1930} INFO - Created Permission View: can edit on DAG:dataset_s3_bucket_consumer_with_no_taskflow
[2025-02-12T09:19:53.843+0000] {logging_mixin.py:190} INFO - [2025-02-12T09:19:53.843+0000] {override.py:1930} INFO - Created Permission View: can create on DAG Run:dataset_s3_bucket_consumer_with_no_taskflow
[2025-02-12T09:19:53.856+0000] {logging_mixin.py:190} INFO - [2025-02-12T09:19:53.856+0000] {override.py:1930} INFO - Created Permission View: can delete on DAG Run:dataset_s3_bucket_consumer_with_no_taskflow
[2025-02-12T09:19:53.870+0000] {logging_mixin.py:190} INFO - [2025-02-12T09:19:53.869+0000] {override.py:1930} INFO - Created Permission View: can read on DAG Run:dataset_s3_bucket_consumer_with_no_taskflow
[2025-02-12T09:19:53.884+0000] {logging_mixin.py:190} INFO - [2025-02-12T09:19:53.883+0000] {override.py:1930} INFO - Created Permission View: menu access on DAG Run:dataset_s3_bucket_consumer_with_no_taskflow
[2025-02-12T09:19:53.910+0000] {logging_mixin.py:190} INFO - [2025-02-12T09:19:53.910+0000] {override.py:1930} INFO - Created Permission View: can delete on DAG:dataset_alias_example_alias_consumer_with_no_taskflow
[2025-02-12T09:19:53.923+0000] {logging_mixin.py:190} INFO - [2025-02-12T09:19:53.922+0000] {override.py:1930} INFO - Created Permission View: can read on DAG:dataset_alias_example_alias_consumer_with_no_taskflow
[2025-02-12T09:19:53.935+0000] {logging_mixin.py:190} INFO - [2025-02-12T09:19:53.934+0000] {override.py:1930} INFO - Created Permission View: can edit on DAG:dataset_alias_example_alias_consumer_with_no_taskflow
[2025-02-12T09:19:53.954+0000] {logging_mixin.py:190} INFO - [2025-02-12T09:19:53.953+0000] {override.py:1930} INFO - Created Permission View: can create on DAG Run:dataset_alias_example_alias_consumer_with_no_taskflow
[2025-02-12T09:19:53.966+0000] {logging_mixin.py:190} INFO - [2025-02-12T09:19:53.965+0000] {override.py:1930} INFO - Created Permission View: can delete on DAG Run:dataset_alias_example_alias_consumer_with_no_taskflow
[2025-02-12T09:19:53.978+0000] {logging_mixin.py:190} INFO - [2025-02-12T09:19:53.978+0000] {override.py:1930} INFO - Created Permission View: can read on DAG Run:dataset_alias_example_alias_consumer_with_no_taskflow
[2025-02-12T09:19:53.990+0000] {logging_mixin.py:190} INFO - [2025-02-12T09:19:53.990+0000] {override.py:1930} INFO - Created Permission View: menu access on DAG Run:dataset_alias_example_alias_consumer_with_no_taskflow
[2025-02-12T09:19:54.023+0000] {logging_mixin.py:190} INFO - [2025-02-12T09:19:54.022+0000] {override.py:1930} INFO - Created Permission View: can delete on DAG:dataset_alias_example_alias_producer_with_no_taskflow
[2025-02-12T09:19:54.036+0000] {logging_mixin.py:190} INFO - [2025-02-12T09:19:54.035+0000] {override.py:1930} INFO - Created Permission View: can read on DAG:dataset_alias_example_alias_producer_with_no_taskflow
[2025-02-12T09:19:54.049+0000] {logging_mixin.py:190} INFO - [2025-02-12T09:19:54.048+0000] {override.py:1930} INFO - Created Permission View: can edit on DAG:dataset_alias_example_alias_producer_with_no_taskflow
[2025-02-12T09:19:54.067+0000] {logging_mixin.py:190} INFO - [2025-02-12T09:19:54.067+0000] {override.py:1930} INFO - Created Permission View: can create on DAG Run:dataset_alias_example_alias_producer_with_no_taskflow
[2025-02-12T09:19:54.082+0000] {logging_mixin.py:190} INFO - [2025-02-12T09:19:54.082+0000] {override.py:1930} INFO - Created Permission View: can delete on DAG Run:dataset_alias_example_alias_producer_with_no_taskflow
[2025-02-12T09:19:54.095+0000] {logging_mixin.py:190} INFO - [2025-02-12T09:19:54.095+0000] {override.py:1930} INFO - Created Permission View: can read on DAG Run:dataset_alias_example_alias_producer_with_no_taskflow
[2025-02-12T09:19:54.111+0000] {logging_mixin.py:190} INFO - [2025-02-12T09:19:54.110+0000] {override.py:1930} INFO - Created Permission View: menu access on DAG Run:dataset_alias_example_alias_producer_with_no_taskflow
[2025-02-12T09:19:54.139+0000] {logging_mixin.py:190} INFO - [2025-02-12T09:19:54.139+0000] {override.py:1930} INFO - Created Permission View: can delete on DAG:dataset_s3_bucket_producer_with_no_taskflow
[2025-02-12T09:19:54.152+0000] {logging_mixin.py:190} INFO - [2025-02-12T09:19:54.152+0000] {override.py:1930} INFO - Created Permission View: can read on DAG:dataset_s3_bucket_producer_with_no_taskflow
[2025-02-12T09:19:54.166+0000] {logging_mixin.py:190} INFO - [2025-02-12T09:19:54.165+0000] {override.py:1930} INFO - Created Permission View: can edit on DAG:dataset_s3_bucket_producer_with_no_taskflow
[2025-02-12T09:19:54.190+0000] {logging_mixin.py:190} INFO - [2025-02-12T09:19:54.189+0000] {override.py:1930} INFO - Created Permission View: can create on DAG Run:dataset_s3_bucket_producer_with_no_taskflow
[2025-02-12T09:19:54.203+0000] {logging_mixin.py:190} INFO - [2025-02-12T09:19:54.203+0000] {override.py:1930} INFO - Created Permission View: can delete on DAG Run:dataset_s3_bucket_producer_with_no_taskflow
[2025-02-12T09:19:54.217+0000] {logging_mixin.py:190} INFO - [2025-02-12T09:19:54.216+0000] {override.py:1930} INFO - Created Permission View: can read on DAG Run:dataset_s3_bucket_producer_with_no_taskflow
[2025-02-12T09:19:54.232+0000] {logging_mixin.py:190} INFO - [2025-02-12T09:19:54.232+0000] {override.py:1930} INFO - Created Permission View: menu access on DAG Run:dataset_s3_bucket_producer_with_no_taskflow
[2025-02-12T09:19:54.233+0000] {logging_mixin.py:190} INFO - [2025-02-12T09:19:54.232+0000] {dag.py:3239} INFO - Sync 4 DAGs
[2025-02-12T09:19:54.249+0000] {logging_mixin.py:190} INFO - [2025-02-12T09:19:54.248+0000] {dag.py:3262} INFO - Creating ORM DAG for dataset_s3_bucket_producer_with_no_taskflow
[2025-02-12T09:19:54.250+0000] {logging_mixin.py:190} INFO - [2025-02-12T09:19:54.249+0000] {dag.py:3262} INFO - Creating ORM DAG for dataset_alias_example_alias_consumer_with_no_taskflow
[2025-02-12T09:19:54.251+0000] {logging_mixin.py:190} INFO - [2025-02-12T09:19:54.251+0000] {dag.py:3262} INFO - Creating ORM DAG for dataset_alias_example_alias_producer_with_no_taskflow
[2025-02-12T09:19:54.252+0000] {logging_mixin.py:190} INFO - [2025-02-12T09:19:54.251+0000] {dag.py:3262} INFO - Creating ORM DAG for dataset_s3_bucket_consumer_with_no_taskflow
[2025-02-12T09:19:54.264+0000] {logging_mixin.py:190} INFO - [2025-02-12T09:19:54.264+0000] {dag.py:4180} INFO - Setting next_dagrun for dataset_alias_example_alias_consumer_with_no_taskflow to None, run_after=None
[2025-02-12T09:19:54.265+0000] {logging_mixin.py:190} INFO - [2025-02-12T09:19:54.265+0000] {dag.py:4180} INFO - Setting next_dagrun for dataset_alias_example_alias_producer_with_no_taskflow to None, run_after=None
[2025-02-12T09:19:54.266+0000] {logging_mixin.py:190} INFO - [2025-02-12T09:19:54.266+0000] {dag.py:4180} INFO - Setting next_dagrun for dataset_s3_bucket_consumer_with_no_taskflow to None, run_after=None
[2025-02-12T09:19:54.267+0000] {logging_mixin.py:190} INFO - [2025-02-12T09:19:54.267+0000] {dag.py:4180} INFO - Setting next_dagrun for dataset_s3_bucket_producer_with_no_taskflow to None, run_after=None
[2025-02-12T09:19:54.308+0000] {processor.py:208} INFO - Processing /home/ubuntu/.local/lib/python3.10/site-packages/airflow/example_dags/example_dataset_alias_with_no_taskflow.py took 0.682 seconds
